<?xml version="1.0" encoding="UTF-8"?>
<testng-results skipped="0" failed="0" total="1" passed="1">
  <reporter-output>
  </reporter-output>
  <suite name="Default suite" duration-ms="9234" started-at="2021-02-16T16:37:39Z" finished-at="2021-02-16T16:37:48Z">
    <groups>
    </groups>
    <test name="Default test" duration-ms="9234" started-at="2021-02-16T16:37:39Z" finished-at="2021-02-16T16:37:48Z">
      <class name="banking.testCases.TC_LoginTest_001">
        <test-method status="PASS" signature="setup()[pri:0, instance:banking.testCases.TC_LoginTest_001@475530b9]" name="setup" is-config="true" duration-ms="1886" started-at="2021-02-16T22:07:39Z" finished-at="2021-02-16T22:07:41Z">
          <reporter-output>
          </reporter-output>
        </test-method> <!-- setup -->
        <test-method status="PASS" signature="loginTest()[pri:0, instance:banking.testCases.TC_LoginTest_001@475530b9]" name="loginTest" duration-ms="6503" started-at="2021-02-16T22:07:41Z" finished-at="2021-02-16T22:07:47Z">
          <reporter-output>
          </reporter-output>
        </test-method> <!-- loginTest -->
        <test-method status="PASS" signature="tearDown()[pri:0, instance:banking.testCases.TC_LoginTest_001@475530b9]" name="tearDown" is-config="true" duration-ms="831" started-at="2021-02-16T22:07:47Z" finished-at="2021-02-16T22:07:48Z">
          <reporter-output>
          </reporter-output>
        </test-method> <!-- tearDown -->
      </class> <!-- banking.testCases.TC_LoginTest_001 -->
    </test> <!-- Default test -->
  </suite> <!-- Default suite -->
</testng-results>
